<?xml version="1.0" encoding="UTF-8"?>
<testng-results ignored="0" total="1" passed="1" failed="0" skipped="0">
  <reporter-output>
  </reporter-output>
  <suite started-at="2022-05-29T17:19:37 IST" name="Suite" finished-at="2022-05-29T17:19:44 IST" duration-ms="7805">
    <groups>
    </groups>
    <test started-at="2022-05-29T17:19:37 IST" name="Test" finished-at="2022-05-29T17:19:44 IST" duration-ms="7805">
      <class name="tests.Two">
        <test-method is-config="true" signature="setup()[pri:0, instance:tests.Two@49139829]" started-at="2022-05-29T17:19:37 IST" name="setup" finished-at="2022-05-29T17:19:41 IST" duration-ms="4917" status="PASS">
          <reporter-output>
          </reporter-output>
        </test-method> <!-- setup -->
        <test-method signature="test1()[pri:0, instance:tests.Two@49139829]" started-at="2022-05-29T17:19:42 IST" name="test1" finished-at="2022-05-29T17:19:44 IST" duration-ms="2792" status="PASS">
          <reporter-output>
          </reporter-output>
        </test-method> <!-- test1 -->
      </class> <!-- tests.Two -->
    </test> <!-- Test -->
  </suite> <!-- Suite -->
</testng-results>
